<?xml version="1.0" encoding="UTF-8"?>
<!-- Generated by org.testng.reporters.JUnitReportReporter -->
<testsuite skipped="0" hostname="PD512841" name="selenium.webdriver.test.TestNG" tests="1" failures="0" timestamp="09 Feb 2018 22:46:54 GMT" time="14.327" errors="0">
  <testcase name="test" time="14.327" classname="selenium.webdriver.test.TestNG"/>
</testsuite> <!-- selenium.webdriver.test.TestNG -->
